2025-09-21 11:15:29,790 - INFO - Получаем cookies...
2025-09-21 11:15:36,002 - INFO - Clicked cookie accept
2025-09-21 11:15:37,098 - INFO - Clicked profile (best-effort)
2025-09-21 11:15:38,875 - INFO - Clicked warehouse (fallback selector)
2025-09-21 11:15:39,883 - INFO - Cookies сохранены в kontur_cookies.json
2025-09-21 11:15:42,351 - INFO - Создание документа: тест 1
2025-09-21 11:15:43,062 - INFO - Документ создан: 54e55f2a-8d50-4f0c-88b3-364848a81cd8
2025-09-21 11:15:44,470 - INFO - Подписываем order id=36b05059-a5d8-4fc2-a30a-199549e1357b (base64Content length=460)
2025-09-21 11:15:44,574 - INFO - Обновление токена OMS...
2025-09-21 11:15:45,728 - INFO - Токен OMS обновлён успешно. Ответ: 
2025-09-21 11:15:46,052 - INFO - Отправка прошла успешно (detached signature)
2025-09-21 11:15:46,268 - INFO - Финальный статус документа: sendForRelease
2025-09-21 11:16:04,916 - INFO - Получаем cookies...
2025-09-21 11:16:04,917 - INFO - Создание документа: тест 2
2025-09-21 11:16:05,613 - INFO - Документ создан: 84bf52bb-9696-4d5c-ac84-8e4aaa72a1dd
2025-09-21 11:16:06,413 - INFO - Подписываем order id=57ab53c2-acc9-4794-90f5-d653410450d8 (base64Content length=460)
2025-09-21 11:16:06,419 - INFO - Обновление токена OMS...
2025-09-21 11:16:07,170 - INFO - Токен OMS обновлён успешно. Ответ: 
2025-09-21 11:16:07,531 - INFO - Отправка прошла успешно (detached signature)
2025-09-21 11:16:07,712 - INFO - Финальный статус документа: sendForRelease
2025-09-21 13:24:50,508 - INFO - Получаем cookies...
2025-09-21 13:24:50,521 - INFO - Cookies устарели (7751 сек). Нужно обновить.
2025-09-21 13:24:56,935 - INFO - Clicked cookie accept
2025-09-21 13:24:58,011 - INFO - Clicked profile (best-effort)
2025-09-21 13:24:59,796 - INFO - Clicked warehouse (fallback selector)
2025-09-21 13:25:00,823 - INFO - Cookies сохранены в kontur_cookies.json
2025-09-21 13:25:03,333 - INFO - Создание документа: тест1
2025-09-21 13:25:04,065 - INFO - Документ создан: 1121dd8b-0d26-4a68-bbed-1d75bafa046c
2025-09-21 13:25:05,757 - INFO - Подписываем order id=b9cb86a2-591b-4e2a-bd84-8e64d10fcac6 (base64Content length=460)
2025-09-21 13:25:05,864 - INFO - Обновление токена OMS...
2025-09-21 13:25:06,891 - INFO - Токен OMS обновлён успешно. Ответ: 
2025-09-21 13:25:07,179 - INFO - Отправка прошла успешно (detached signature)
2025-09-21 13:25:07,336 - INFO - Финальный статус документа: sendForRelease
2025-09-21 14:14:22,983 - INFO - Получаем cookies...
2025-09-21 14:14:22,984 - INFO - Cookies устарели (2962 сек). Нужно обновить.
2025-09-21 14:14:27,675 - INFO - Clicked cookie accept
2025-09-21 14:14:28,759 - INFO - Clicked profile (best-effort)
2025-09-21 14:14:30,609 - INFO - Clicked warehouse (fallback selector)
2025-09-21 14:14:31,619 - INFO - Cookies сохранены в kontur_cookies.json
2025-09-21 14:14:34,078 - INFO - Создание документа: тест1
2025-09-21 14:14:34,818 - INFO - Документ создан: 6b0df413-d67d-4d5a-8c7a-43d229584df3
2025-09-21 14:14:38,638 - INFO - Подписываем order id=2081fa65-ab6f-4e58-bf2b-d740c84f9f59 (base64Content length=460)
2025-09-21 14:14:38,730 - INFO - Обновление токена OMS...
2025-09-21 14:14:39,723 - INFO - Токен OMS обновлён успешно. Ответ: 
2025-09-21 14:14:40,084 - INFO - Отправка прошла успешно (detached signature)
2025-09-21 14:14:40,261 - INFO - Финальный статус документа: sendForRelease
2025-09-21 14:18:24,636 - INFO - Получаем cookies для скачивания...
2025-09-21 14:18:24,637 - INFO - Начало скачивания PDF для заказа 6b0df413-d67d-4d5a-8c7a-43d229584df3
2025-09-21 14:18:25,275 - INFO - Статус заказа: released
2025-09-21 14:18:25,717 - INFO - Экспорт начат, resultId: 51f4f30c-c879-4562-b1ac-b478bdd7eca8
2025-09-21 14:18:25,879 - INFO - Статус экспорта: inProgress
2025-09-21 14:18:36,329 - INFO - Статус экспорта: inProgress
2025-09-21 14:18:46,557 - INFO - Статус экспорта: success
2025-09-21 14:18:47,248 - ERROR - Ошибка скачивания PDF: 401 Client Error: Unauthorized for url: https://api.kontur.ru/drive/v1/contents/srv/evrikaprinter/uid/1e825db9-466c-4581-996c-e00dc250c204/68cfdf0cb313000609ff7d40
2025-09-21 14:28:08,704 - INFO - Получаем cookies...
2025-09-21 14:28:08,706 - INFO - Создание документа: тест1
2025-09-21 14:28:09,410 - INFO - Документ создан: 133716c8-bc1e-4c12-aa27-2a23d1148f00
2025-09-21 14:28:11,238 - INFO - Подписываем order id=ce296299-57c9-457f-9d1a-2994c88d27c2 (base64Content length=460)
2025-09-21 14:28:11,362 - INFO - Обновление токена OMS...
2025-09-21 14:28:12,356 - INFO - Токен OMS обновлён успешно. Ответ: 
2025-09-21 14:28:12,660 - INFO - Отправка прошла успешно (detached signature)
2025-09-21 14:28:12,846 - INFO - Финальный статус документа: sendForRelease
2025-09-21 14:31:12,553 - INFO - Получаем cookies для скачивания...
2025-09-21 14:31:12,553 - INFO - Cookies устарели (1001 сек). Нужно обновить.
2025-09-21 14:31:17,929 - INFO - Clicked cookie accept
2025-09-21 14:31:19,005 - INFO - Clicked profile (best-effort)
2025-09-21 14:31:20,771 - INFO - Clicked warehouse (fallback selector)
2025-09-21 14:31:21,780 - INFO - Cookies сохранены в kontur_cookies.json
2025-09-21 14:31:24,289 - INFO - Начало скачивания PDF для заказа 133716c8-bc1e-4c12-aa27-2a23d1148f00
2025-09-21 14:31:24,890 - INFO - Статус заказа: released
2025-09-21 14:31:25,289 - INFO - Экспорт начат, resultId: 1814ad28-ebe4-4d8e-b480-34202c208e80
2025-09-21 14:31:25,444 - INFO - Статус экспорта: inProgress
2025-09-21 14:31:35,622 - INFO - Статус экспорта: inProgress
2025-09-21 14:31:45,826 - INFO - Статус экспорта: success
2025-09-21 14:31:46,357 - ERROR - Ошибка скачивания PDF: 401 Client Error: Unauthorized for url: https://api.kontur.ru/drive/v1/contents/srv/evrikaprinter/uid/1e825db9-466c-4581-996c-e00dc250c204/68cfe217543e3b0e0f6e8b34
2025-09-21 14:35:20,213 - INFO - Получаем cookies...
2025-09-21 14:35:20,215 - INFO - Создание документа: тест1
2025-09-21 14:35:20,998 - INFO - Документ создан: 2ff2e0a3-ec2b-41d8-b7c9-1b084b8f410c
2025-09-21 14:35:22,444 - INFO - Подписываем order id=940fadd7-196e-4973-af51-9e28884947fa (base64Content length=460)
2025-09-21 14:35:22,567 - INFO - Обновление токена OMS...
2025-09-21 14:35:23,509 - INFO - Токен OMS обновлён успешно. Ответ: 
2025-09-21 14:35:23,834 - INFO - Отправка прошла успешно (detached signature)
2025-09-21 14:35:24,004 - INFO - Финальный статус документа: sendForRelease
2025-09-21 14:39:30,196 - INFO - Получаем cookies для скачивания...
2025-09-21 14:39:30,197 - INFO - Начало скачивания PDF для заказа 2ff2e0a3-ec2b-41d8-b7c9-1b084b8f410c
2025-09-21 14:39:30,891 - INFO - Статус заказа: released
2025-09-21 14:39:31,339 - INFO - Экспорт начат, resultId: ff8c686e-bf73-4121-91e2-b1ae3ef54ae5
2025-09-21 14:39:31,520 - INFO - Статус экспорта: inProgress
2025-09-21 14:39:41,658 - INFO - Статус экспорта: inProgress
2025-09-21 14:39:51,963 - INFO - Статус экспорта: success
2025-09-21 14:39:52,470 - INFO - PDF скачан: C:\Users\sklad\Desktop\pdf-коды км\codes_2ff2e0a3-ec2b-41d8-b7c9-1b084b8f410c.pdf
2025-09-21 16:26:57,961 - INFO - Получаем cookies...
2025-09-21 16:26:57,961 - INFO - Cookies устарели (6936 сек). Нужно обновить.
2025-09-21 16:27:04,661 - INFO - Clicked cookie accept
2025-09-21 16:27:05,745 - INFO - Clicked profile (best-effort)
2025-09-21 16:27:08,553 - INFO - Clicked warehouse (fallback selector)
2025-09-21 16:27:09,568 - INFO - Cookies сохранены в kontur_cookies.json
2025-09-21 16:27:12,027 - INFO - Создание документа: тест1
2025-09-21 16:27:12,771 - INFO - Документ создан: 84db5e36-ef0c-4286-a884-bff0658b7c28
2025-09-21 16:27:14,705 - INFO - Подписываем order id=ddc3597c-cdc2-49f1-9301-a33662cd910d (base64Content length=460)
2025-09-21 16:27:14,798 - INFO - Обновление токена OMS...
2025-09-21 16:27:15,896 - INFO - Токен OMS обновлён успешно. Ответ: 
2025-09-21 16:27:16,198 - INFO - Отправка прошла успешно (detached signature)
2025-09-21 16:27:16,391 - INFO - Финальный статус документа: sendForRelease
2025-09-21 16:30:13,380 - INFO - Получаем cookies для скачивания...
2025-09-21 16:30:13,409 - INFO - Начало скачивания PDF для заказа тест1
2025-09-21 16:30:13,969 - ERROR - Ошибка проверки статуса: 404 Client Error: Not Found for url: https://mk.kontur.ru/api/v1/codes-order/%D1%82%D0%B5%D1%81%D1%821
Traceback (most recent call last):
  File "C:\Users\sklad\Desktop\crypto\api.py", line 349, in download_codes_pdf_and_convert
    resp_status.raise_for_status()
    ~~~~~~~~~~~~~~~~~~~~~~~~~~~~^^
  File "C:\Users\sklad\Desktop\crypto\venv\Lib\site-packages\requests\models.py", line 1026, in raise_for_status
    raise HTTPError(http_error_msg, response=self)
requests.exceptions.HTTPError: 404 Client Error: Not Found for url: https://mk.kontur.ru/api/v1/codes-order/%D1%82%D0%B5%D1%81%D1%821
2025-09-21 16:34:29,340 - INFO - Получаем cookies...
2025-09-21 16:34:29,342 - INFO - Создание документа: тест1
2025-09-21 16:34:30,113 - INFO - Документ создан: a12729c7-d880-405d-8424-5fc5a9b6ef1e
2025-09-21 16:34:31,453 - INFO - Подписываем order id=3527dca6-18c6-49a0-8868-1e60732c9f8d (base64Content length=460)
2025-09-21 16:34:31,551 - INFO - Обновление токена OMS...
2025-09-21 16:34:32,573 - INFO - Токен OMS обновлён успешно. Ответ: 
2025-09-21 16:34:32,909 - INFO - Отправка прошла успешно (detached signature)
2025-09-21 16:34:33,095 - INFO - Финальный статус документа: sendForRelease
2025-09-21 16:36:41,392 - INFO - Получаем cookies для скачивания...
2025-09-21 16:36:41,393 - INFO - Начало скачивания PDF для заказа a12729c7-d880-405d-8424-5fc5a9b6ef1e
2025-09-21 16:36:41,967 - INFO - Статус заказа: sendForRelease
2025-09-21 16:37:12,211 - INFO - Статус заказа: released
2025-09-21 16:37:12,619 - INFO - Экспорт начат, resultId: 04d79ded-cc6c-4cfa-b9cf-f3c639bd06ec
2025-09-21 16:37:13,094 - INFO - Статус экспорта: inProgress
2025-09-21 16:37:23,293 - INFO - Статус экспорта: inProgress
2025-09-21 16:37:33,645 - INFO - Статус экспорта: success
2025-09-21 16:37:34,253 - INFO - PDF скачан: C:\Users\sklad\Desktop\pdf-коды км\тест1.pdf
2025-09-21 16:37:34,253 - INFO - Попытка извлечь таблицы из PDF с помощью pdfplumber
2025-09-21 16:37:34,307 - INFO - Таблицы в PDF не обнаружены — сохраняем текст в CSV (одна колонка)
2025-09-21 16:37:34,317 - INFO - CSV с текстом сохранён: C:\Users\sklad\Desktop\pdf-коды км\тест1.csv
2025-09-21 16:51:11,437 - INFO - Получаем cookies...
2025-09-21 16:51:11,438 - INFO - Cookies устарели (1442 сек). Нужно обновить.
2025-09-21 16:51:15,983 - INFO - Clicked cookie accept
2025-09-21 16:51:17,074 - INFO - Clicked profile (best-effort)
2025-09-21 16:51:18,949 - INFO - Clicked warehouse (fallback selector)
2025-09-21 16:51:19,958 - INFO - Cookies сохранены в kontur_cookies.json
2025-09-21 16:51:22,437 - INFO - Создание документа: тест1
2025-09-21 16:51:23,154 - INFO - Документ создан: c7d77f8b-6441-408f-9155-47b0da5df668
2025-09-21 16:51:24,509 - INFO - Подписываем order id=7c4472a5-8889-4822-9f4d-64fdf3a333a1 (base64Content length=460)
2025-09-21 16:51:24,605 - INFO - Обновление токена OMS...
2025-09-21 16:51:25,643 - INFO - Токен OMS обновлён успешно. Ответ: 
2025-09-21 16:51:25,926 - INFO - Отправка прошла успешно (detached signature)
2025-09-21 16:51:26,091 - INFO - Финальный статус документа: sendForRelease
2025-09-21 16:51:31,449 - INFO - Получаем cookies для скачивания...
2025-09-21 16:51:31,464 - INFO - Начало скачивания PDF для заказа c7d77f8b-6441-408f-9155-47b0da5df668
2025-09-21 16:51:32,028 - INFO - Статус заказа: sendForRelease
2025-09-21 16:52:02,238 - INFO - Статус заказа: sendForRelease
2025-09-21 16:52:32,435 - INFO - Статус заказа: sendForRelease
2025-09-21 16:53:02,620 - INFO - Статус заказа: sendForRelease
2025-09-21 16:53:32,801 - INFO - Статус заказа: sendForRelease
2025-09-21 16:54:03,020 - INFO - Статус заказа: released
2025-09-21 16:54:03,414 - INFO - Экспорт начат, resultId: 5e513e3a-e8dd-4859-84c2-d67f2081a19e
2025-09-21 16:54:03,571 - INFO - Статус экспорта: inProgress
2025-09-21 16:54:13,713 - INFO - Статус экспорта: inProgress
2025-09-21 16:54:23,918 - INFO - Статус экспорта: success
2025-09-21 16:54:24,555 - INFO - PDF скачан: C:\Users\sklad\Desktop\pdf-коды км\тест1.pdf
2025-09-21 16:54:24,555 - INFO - Попытка извлечь содержимое PDF (целевые правила для ЧЗ)
2025-09-21 16:54:24,579 - INFO - CSV сохранён: C:\Users\sklad\Desktop\pdf-коды км\тест1.csv
2025-09-21 16:58:54,295 - INFO - Получаем cookies...
2025-09-21 16:58:54,296 - INFO - Создание документа: тест1
2025-09-21 16:58:55,025 - INFO - Документ создан: 87ae08f9-653e-4c9a-9f8e-63b88871bab0
2025-09-21 16:58:56,536 - INFO - Подписываем order id=29c138b2-8200-4037-b1b7-bb8b9e8fc743 (base64Content length=460)
2025-09-21 16:58:56,626 - INFO - Обновление токена OMS...
2025-09-21 16:58:57,622 - INFO - Токен OMS обновлён успешно. Ответ: 
2025-09-21 16:58:57,948 - INFO - Отправка прошла успешно (detached signature)
2025-09-21 16:58:58,114 - INFO - Финальный статус документа: sendForRelease
2025-09-21 16:59:28,077 - INFO - Получаем cookies для скачивания...
2025-09-21 16:59:28,078 - INFO - Начало скачивания PDF для заказа 87ae08f9-653e-4c9a-9f8e-63b88871bab0
2025-09-21 16:59:28,647 - INFO - Статус заказа: sendForRelease
2025-09-21 16:59:58,834 - INFO - Статус заказа: sendForRelease
2025-09-21 17:00:29,006 - INFO - Статус заказа: sendForRelease
2025-09-21 17:00:59,187 - INFO - Статус заказа: sendForRelease
2025-09-21 17:01:29,373 - INFO - Статус заказа: sendForRelease
2025-09-21 17:01:59,594 - INFO - Статус заказа: released
2025-09-21 17:01:59,996 - INFO - Экспорт начат, resultId: b5b9907f-d9fc-4423-9640-0cda1713254b
2025-09-21 17:02:00,156 - INFO - Статус экспорта: inProgress
2025-09-21 17:02:10,322 - INFO - Статус экспорта: inProgress
2025-09-21 17:02:20,547 - INFO - Статус экспорта: success
2025-09-21 17:02:21,198 - INFO - PDF скачан: C:\Users\sklad\Desktop\pdf-коды км\тест1.pdf
2025-09-21 17:02:21,199 - INFO - Попытка извлечь содержимое PDF в режиме 'без обработки' (честный знак compatible)
2025-09-21 17:02:21,226 - INFO - CSV сохранён (без заголовка, без обработки): C:\Users\sklad\Desktop\pdf-коды км\тест1.csv
