2025-09-21 11:15:29,790 - INFO - Получаем cookies...
2025-09-21 11:15:42,351 - INFO - Создание документа: тест 1
2025-09-21 11:15:43,062 - INFO - Документ создан: 54e55f2a-8d50-4f0c-88b3-364848a81cd8
2025-09-21 11:15:44,470 - INFO - Подписываем order id=36b05059-a5d8-4fc2-a30a-199549e1357b (base64Content length=460)
2025-09-21 11:15:44,574 - INFO - Обновление токена OMS...
2025-09-21 11:15:45,728 - INFO - Токен OMS обновлён успешно. Ответ: 
2025-09-21 11:15:46,052 - INFO - Отправка прошла успешно (detached signature)
2025-09-21 11:15:46,268 - INFO - Финальный статус документа: sendForRelease
2025-09-21 11:16:04,916 - INFO - Получаем cookies...
2025-09-21 11:16:04,917 - INFO - Создание документа: тест 2
2025-09-21 11:16:05,613 - INFO - Документ создан: 84bf52bb-9696-4d5c-ac84-8e4aaa72a1dd
2025-09-21 11:16:06,413 - INFO - Подписываем order id=57ab53c2-acc9-4794-90f5-d653410450d8 (base64Content length=460)
2025-09-21 11:16:06,419 - INFO - Обновление токена OMS...
2025-09-21 11:16:07,170 - INFO - Токен OMS обновлён успешно. Ответ: 
2025-09-21 11:16:07,531 - INFO - Отправка прошла успешно (detached signature)
2025-09-21 11:16:07,712 - INFO - Финальный статус документа: sendForRelease
2025-09-21 13:24:50,508 - INFO - Получаем cookies...
2025-09-21 13:25:03,333 - INFO - Создание документа: тест1
2025-09-21 13:25:04,065 - INFO - Документ создан: 1121dd8b-0d26-4a68-bbed-1d75bafa046c
2025-09-21 13:25:05,757 - INFO - Подписываем order id=b9cb86a2-591b-4e2a-bd84-8e64d10fcac6 (base64Content length=460)
2025-09-21 13:25:05,864 - INFO - Обновление токена OMS...
2025-09-21 13:25:06,891 - INFO - Токен OMS обновлён успешно. Ответ: 
2025-09-21 13:25:07,179 - INFO - Отправка прошла успешно (detached signature)
2025-09-21 13:25:07,336 - INFO - Финальный статус документа: sendForRelease
2025-09-21 14:14:22,983 - INFO - Получаем cookies...
2025-09-21 14:14:34,078 - INFO - Создание документа: тест1
2025-09-21 14:14:34,818 - INFO - Документ создан: 6b0df413-d67d-4d5a-8c7a-43d229584df3
2025-09-21 14:14:38,638 - INFO - Подписываем order id=2081fa65-ab6f-4e58-bf2b-d740c84f9f59 (base64Content length=460)
2025-09-21 14:14:38,730 - INFO - Обновление токена OMS...
2025-09-21 14:14:39,723 - INFO - Токен OMS обновлён успешно. Ответ: 
2025-09-21 14:14:40,084 - INFO - Отправка прошла успешно (detached signature)
2025-09-21 14:14:40,261 - INFO - Финальный статус документа: sendForRelease
2025-09-21 14:18:24,636 - INFO - Получаем cookies для скачивания...
2025-09-21 14:18:24,637 - INFO - Начало скачивания PDF для заказа 6b0df413-d67d-4d5a-8c7a-43d229584df3
2025-09-21 14:18:25,275 - INFO - Статус заказа: released
2025-09-21 14:18:25,717 - INFO - Экспорт начат, resultId: 51f4f30c-c879-4562-b1ac-b478bdd7eca8
2025-09-21 14:18:25,879 - INFO - Статус экспорта: inProgress
2025-09-21 14:18:36,329 - INFO - Статус экспорта: inProgress
2025-09-21 14:18:46,557 - INFO - Статус экспорта: success
2025-09-21 14:18:47,248 - ERROR - Ошибка скачивания PDF: 401 Client Error: Unauthorized for url: https://api.kontur.ru/drive/v1/contents/srv/evrikaprinter/uid/1e825db9-466c-4581-996c-e00dc250c204/68cfdf0cb313000609ff7d40
2025-09-21 14:28:08,704 - INFO - Получаем cookies...
2025-09-21 14:28:08,706 - INFO - Создание документа: тест1
2025-09-21 14:28:09,410 - INFO - Документ создан: 133716c8-bc1e-4c12-aa27-2a23d1148f00
2025-09-21 14:28:11,238 - INFO - Подписываем order id=ce296299-57c9-457f-9d1a-2994c88d27c2 (base64Content length=460)
2025-09-21 14:28:11,362 - INFO - Обновление токена OMS...
2025-09-21 14:28:12,356 - INFO - Токен OMS обновлён успешно. Ответ: 
2025-09-21 14:28:12,660 - INFO - Отправка прошла успешно (detached signature)
2025-09-21 14:28:12,846 - INFO - Финальный статус документа: sendForRelease
2025-09-21 14:31:12,553 - INFO - Получаем cookies для скачивания...
2025-09-21 14:31:24,289 - INFO - Начало скачивания PDF для заказа 133716c8-bc1e-4c12-aa27-2a23d1148f00
2025-09-21 14:31:24,890 - INFO - Статус заказа: released
2025-09-21 14:31:25,289 - INFO - Экспорт начат, resultId: 1814ad28-ebe4-4d8e-b480-34202c208e80
2025-09-21 14:31:25,444 - INFO - Статус экспорта: inProgress
2025-09-21 14:31:35,622 - INFO - Статус экспорта: inProgress
2025-09-21 14:31:45,826 - INFO - Статус экспорта: success
2025-09-21 14:31:46,357 - ERROR - Ошибка скачивания PDF: 401 Client Error: Unauthorized for url: https://api.kontur.ru/drive/v1/contents/srv/evrikaprinter/uid/1e825db9-466c-4581-996c-e00dc250c204/68cfe217543e3b0e0f6e8b34
2025-09-21 14:35:20,213 - INFO - Получаем cookies...
2025-09-21 14:35:20,215 - INFO - Создание документа: тест1
2025-09-21 14:35:20,998 - INFO - Документ создан: 2ff2e0a3-ec2b-41d8-b7c9-1b084b8f410c
2025-09-21 14:35:22,444 - INFO - Подписываем order id=940fadd7-196e-4973-af51-9e28884947fa (base64Content length=460)
2025-09-21 14:35:22,567 - INFO - Обновление токена OMS...
2025-09-21 14:35:23,509 - INFO - Токен OMS обновлён успешно. Ответ: 
2025-09-21 14:35:23,834 - INFO - Отправка прошла успешно (detached signature)
2025-09-21 14:35:24,004 - INFO - Финальный статус документа: sendForRelease
2025-09-21 14:39:30,196 - INFO - Получаем cookies для скачивания...
2025-09-21 14:39:30,197 - INFO - Начало скачивания PDF для заказа 2ff2e0a3-ec2b-41d8-b7c9-1b084b8f410c
2025-09-21 14:39:30,891 - INFO - Статус заказа: released
2025-09-21 14:39:31,339 - INFO - Экспорт начат, resultId: ff8c686e-bf73-4121-91e2-b1ae3ef54ae5
2025-09-21 14:39:31,520 - INFO - Статус экспорта: inProgress
2025-09-21 14:39:41,658 - INFO - Статус экспорта: inProgress
2025-09-21 14:39:51,963 - INFO - Статус экспорта: success
2025-09-21 14:39:52,470 - INFO - PDF скачан: C:\Users\sklad\Desktop\pdf-коды км\codes_2ff2e0a3-ec2b-41d8-b7c9-1b084b8f410c.pdf
